REAL_OS_NAME is 'Linux'
SA_OS_TYPE is '"Linux"'

----------------------------------
(DISTRIB_ID filename glob match.)

-rw-r--r-- 1 root root 104 Aug 23  2024 /etc/lsb-release
lrwxrwxrwx 1 root root  21 Aug 23  2024 /etc/os-release -> ../usr/lib/os-release
----------------------------------

DISTRIB_ID is 'Ubuntu'

Other 'ID's are:
DISTRIB_ID=Ubuntu
VERSION_ID="24.04"
ID=ubuntu
ID_LIKE=debian

Other 'DISTRIB's are:
DISTRIB_ID=Ubuntu
DISTRIB_RELEASE=24.04
DISTRIB_CODENAME=noble
DISTRIB_DESCRIPTION="Ubuntu 24.04.1 LTS"

All Variable Names are:
DISTRIB_ID=Ubuntu
DISTRIB_RELEASE=24.04
DISTRIB_CODENAME=noble
DISTRIB_DESCRIPTION="Ubuntu 24.04.1 LTS"
PRETTY_NAME="Ubuntu 24.04.1 LTS"
NAME="Ubuntu"
VERSION_ID="24.04"
VERSION="24.04.1 LTS (Noble Numbat)"
VERSION_CODENAME=noble
ID=ubuntu
ID_LIKE=debian
HOME_URL="https://www.ubuntu.com/"
SUPPORT_URL="https://help.ubuntu.com/"
BUG_REPORT_URL="https://bugs.launchpad.net/ubuntu/"
PRIVACY_POLICY_URL="https://www.ubuntu.com/legal/terms-and-policies/privacy-policy"
UBUNTU_CODENAME=noble
LOGO=ubuntu-logo
